                                  1 	#$$m2		- PowerPC mnemonics
                                  2 	#$$pVLE		- PowerPC VLE encoding
                                  3 	#$$oPPC5534  - Optimized for PPC5534
                                  4 	#$$ko 9		- Reorder info
                                  5 		.file		"main.c"
                                  6 	#$$eb
                                  7 	#$$sz 0
                                  8 	#$$fp 0
                                  9 		.section	.PPC.EMB.apuinfo,,@note
  00000000 01  0000 0008         10 		.4byte		8
  00000004 01  0000 0004         11 		.4byte		4
  00000008 01  0000 0002         12 		.4byte		2
  0000000c 01  4150 5569 6e66    13 		.byte		"APUinfo"
  00000012 01  6f                   	
  00000013 01  00                14 		.byte		0
                                 15 		.align		2
  00000014 01  0104 0001         16 		.4byte		0x01040001
                                 17 		.section	.text_vle,,c
                                 18 		.section	.debug_frame,,n
                                 19 	__local_cie: 
  00000000 02  0000 0010         20 		.word	.LE-.LS
                                 21 	.LS:
  00000004 02  ffff ffff         22 		.word	-1
  00000008 02  01                23 		.byte	1
  00000009 02  00                24 		.byte	0
  0000000a 02  04                25 		.uleb128	4
  0000000b 02  7c                26 		.sleb128	-4
  0000000c 02  6c                27 		.byte	108
  0000000d 02  0c                28 		.byte	0x0c
  0000000e 02  01                29 		.byte	1
  0000000f 02  00                30 		.byte	0
  00000010 02  08                31 		.byte	8
  00000011 02  6c                32 		.byte	108
                                 33 		.fill           (.LS-.)&3
                                 34 	.LE:
                                 35 		.section	.debug_line,,n
                                 36 	.L8:
                                 37 		.section	.text_vle,,c
                                 38 	.L4:
  00000000 00                    39 		.0byte		.L2
  00000000 03  0000 00a6 0002    40 		.d2_line_start	.debug_line
  00000006 03  0000 0013 0201       	
  0000000c 03  ff04 0d00 0101       	
  00000012 03  0101 0000 0001       	
  00000018 03  0000 0100 00         	
                                 41 		.section	.debug_abbrev,,n
                                 42 	.L9:
                                 43 		.section	.debug_info,,n
                                 44 	.L2:
  00000000 05  0000 0138         45 		.4byte		.L3-.L1
                                 46 	.L1:
  00000004 05  0002              47 		.2byte		0x2
  00000006 05  0000 0000         48 		.4byte		.L9
  0000000a 05  04                49 		.byte		0x4
                                 50 		.section	.debug_abbrev,,n
  00000000 04  01                51 		.uleb128	1
  00000001 04  11                52 		.uleb128	17
  00000002 04  01                53 		.byte		0x1
  00000003 04  01                54 		.uleb128	1
  00000004 04  13                55 		.uleb128	19
  00000005 04  03                56 		.uleb128	3
  00000006 04  08                57 		.uleb128	8
  00000007 04  25                58 		.uleb128	37
  00000008 04  08                59 		.uleb128	8
  00000009 04  1b                60 		.uleb128	27
  0000000a 04  08                61 		.uleb128	8
  0000000b 04  13                62 		.uleb128	19
  0000000c 04  0f                63 		.uleb128	15
  0000000d 04  11                64 		.uleb128	17
  0000000e 04  01                65 		.uleb128	1
  0000000f 04  12                66 		.uleb128	18
  00000010 04  01                67 		.uleb128	1
  00000011 04  10                68 		.uleb128	16
  00000012 04  06                69 		.uleb128	6
  00000013 04  00                70 		.uleb128	0
  00000014 04  00                71 		.uleb128	0
                                 72 		.section	.debug_info,,n
  0000000b 05  01                73 		.sleb128	1
  0000000c 05  0000 013b         74 		.4byte		.L7-.L2
  00000010 05  433a 5c55 7365    75 		.byte		"C:\\Users\\ASE-Lab\\Desktop\\Unit2\\Template\\Template\\src\\main.c
  00000016 05  7273 5c41 5345       	"
  0000001c 05  2d4c 6162 5c44       	
  00000022 05  6573 6b74 6f70       	
  00000028 05  5c55 6e69 7432       	
  0000002e 05  5c54                 	
  0000004b 05  00                76 		.byte		0
  0000004c 05  4469 6162 2044    77 		.byte		"Diab Data, Inc:dcc Rel 5.7.0.0:PPC5534"
  00000052 05  6174 612c 2049       	
  00000058 05  6e63 3a64 6363       	
  0000005e 05  2052 656c 2035       	
  00000064 05  2e37 2e30 2e30       	
  0000006a 05  3a50                 	
  00000072 05  00                78 		.byte		0
  00000073 05  433a 5c55 7365    79 		.byte		"C:\\Users\\ASE-Lab\\Desktop\\Unit2\\Template\\Template"
  00000079 05  7273 5c41 5345       	
  0000007f 05  2d4c 6162 5c44       	
  00000085 05  6573 6b74 6f70       	
  0000008b 05  5c55 6e69 7432       	
  00000091 05  5c54                 	
  000000a3 05  00                80 		.byte		0
  000000a4 05  01                81 		.uleb128	1
  000000a5 05  0000 0000         82 		.4byte		.L4
  000000a9 05  0000 0000         83 		.4byte		.L5
  000000ad 05  0000 0000         84 		.4byte		.L8
                                 85 		.section	.text_vle,,c
                                 86 	
                                 87 	#$$bf
                                 88 		.align		2
                                 89 		.globl		main
  00000014 02  0000 0018 0000    90 		.d2_cfa_start __local_cie
  0000001a 02  0000 0000 0000       	
  00000020 02  0000 0034            	
                                 91 	main:
                                 92 		.section	.debug_abbrev,,n
  00000015 04  02                93 		.uleb128	2
  00000016 04  2e                94 		.uleb128	46
  00000017 04  01                95 		.byte		0x1
  00000018 04  01                96 		.uleb128	1
  00000019 04  13                97 		.uleb128	19
  0000001a 04  03                98 		.uleb128	3
  0000001b 04  08                99 		.uleb128	8
  0000001c 04  3a               100 		.uleb128	58
  0000001d 04  06               101 		.uleb128	6
  0000001e 04  3b               102 		.uleb128	59
  0000001f 04  0f               103 		.uleb128	15
  00000020 04  3f               104 		.uleb128	63
  00000021 04  0c               105 		.uleb128	12
  00000022 04  27               106 		.uleb128	39
  00000023 04  0c               107 		.uleb128	12
  00000024 04  11               108 		.uleb128	17
  00000025 04  01               109 		.uleb128	1
  00000026 04  12               110 		.uleb128	18
  00000027 04  01               111 		.uleb128	1
  00000028 04  00               112 		.uleb128	0
  00000029 04  00               113 		.uleb128	0
                                114 		.section	.debug_info,,n
                                115 	.L5803:
  000000b1 05  02               116 		.sleb128	2
  000000b2 05  0000 00cb        117 		.4byte		.L5799-.L2
  000000b6 05  6d61 696e        118 		.byte		"main"
  000000ba 05  00               119 		.byte		0
  000000bb 05  0000 0001        120 		.4byte		.L5802
  000000bf 05  19               121 		.uleb128	25
  000000c0 05  01               122 		.byte		0x1
  000000c1 05  01               123 		.byte		0x1
  000000c2 05  0000 0000        124 		.4byte		.L5800
  000000c6 05  0000 0000        125 		.4byte		.L5801
                                126 		.section	.text_vle,,c
  0000001d 03  0048 0343 3a5c   127 		.d2file		"C:\\Users\\ASE-Lab\\Desktop\\Unit2\\Template\\Template\\src\\main.c
  00000023 03  5c55 7365 7273       	"
  00000029 03  5c5c 4153 452d       	
  0000002f 03  4c61 625c 5c44       	
  00000035 03  6573 6b74 6f70       	
  0000003b 03  5c5c                 	
  00000069 03  0005 0200 0000   128 	        .d2line         26
  0000006f 03  0003 190e            	
                                129 	.L5800:
  00000000 00  1821 06f0        130 		e_stwu		r1,-16(r1)
  00000024 02  410e 10          131 		.d2_cfa_def_cfa_offset	16
  00000004 00  0080             132 		se_mflr		r0,lr
                                133 	#$$br
  00000006 00  d3f1             134 		se_stw		r31,12(r1)
  00000027 02  419f 01          135 		.d2_cfa_offset	31,1
                                136 	#$$er
  00000008 00  d501             137 		se_stw		r0,20(r1)
  0000002a 02  116c 7f          138 		.d2_cfa_offset    108,-1
                                139 	#$$ee
  00000073 03  0205 0a          140 		.d2prologue_end
  00000076 03  10               141 	        .d2line         28
                                142 	#$$fn 0x1ff8 0 0 0x1
                                143 	#$$tl 0x0 0x0 0x0
                                144 	#$$rs 0 s
  0000000a 00  7800 0001        145 		bl		Init
  00000077 03  17               146 	        .d2line         29
  0000000e 00  4803             147 		se_li		r3,0
  00000010 00  7080 00c8        148 		e_li		r4,200
                                149 	#$$fn 0x1ff8 0 0 0x1
                                150 	#$$tl 0x18 0x0 0x0
                                151 	#$$rs 0 s
  00000014 00  7800 0001        152 		bl		PIT_ConfigureTimer
  00000018 00  73f8 e3f9        153 		e_lis		r31,50169
  00000078 03  2b               154 	        .d2line         30
  0000001c 00  4816             155 		se_li		r6,1
  0000001e 00  34df 0609        156 		e_stb		r6,1545(r31)
                                157 	#$$vo
  00000079 03  1b               158 	        .d2line         31
  00000022 00  4803             159 		se_li		r3,0
                                160 	#$$fn 0x1ff8 0 0 0x1
                                161 	#$$tl 0x8 0x0 0x0
                                162 	#$$rs 0 s
  00000024 00  7800 0001        163 		bl		PIT_StartTimer
                                164 	.L5781:
  0000007a 03  030b 1a          165 	        .d2line         42
  00000028 00  e800             166 		b		.L5781
  0000007d 03  14               167 	        .d2line         44
                                168 	#$$be
  0000007e 03  0200 0b01        169 		.d2epilogue_begin
                                170 	#$$br
  0000002a 00  c3f1             171 		se_lwz		r31,12(r1)
                                172 	#$$er
  0000002c 00  c501             173 		se_lwz		r0,20(r1)
  0000002e 00  0090             174 		se_mtlr		r0
  00000030 00  20f1             175 		se_addi		r1,16
                                176 	#$$tl 0x0 0x0 0x0
  00000032 00  0004             177 		se_blr
                                178 	#$$ef
                                179 		.d2_cfa_end 2
                                180 		.section	.debug_info,,n
  000000ca 05  00               181 		.sleb128	0
                                182 	.L5799:
                                183 		.section	.text_vle,,c
                                184 	.L5801:
                                185 		.type		main,@function
                                186 		.size		main,.-main
                                187 	# Number of nodes = 17
                                188 	
                                189 	# Allocations for main
                                190 	#	r31		$$1
                                191 	
                                192 	#$$bf
                                193 		.align		2
                                194 		.globl		PITCHANNEL0
  00000030 02  0000 0028 0000   195 		.d2_cfa_start __local_cie
  00000036 02  0000 0000 0000       	
  0000003c 02  0000 00d6            	
                                196 	PITCHANNEL0:
                                197 		.section	.debug_abbrev,,n
  0000002a 04  03               198 		.uleb128	3
  0000002b 04  2e               199 		.uleb128	46
  0000002c 04  01               200 		.byte		0x1
  0000002d 04  01               201 		.uleb128	1
  0000002e 04  13               202 		.uleb128	19
  0000002f 04  03               203 		.uleb128	3
  00000030 04  08               204 		.uleb128	8
  00000031 04  3a               205 		.uleb128	58
  00000032 04  06               206 		.uleb128	6
  00000033 04  3b               207 		.uleb128	59
  00000034 04  0f               208 		.uleb128	15
  00000035 04  3f               209 		.uleb128	63
  00000036 04  0c               210 		.uleb128	12
  00000037 04  11               211 		.uleb128	17
  00000038 04  01               212 		.uleb128	1
  00000039 04  12               213 		.uleb128	18
  0000003a 04  01               214 		.uleb128	1
  0000003b 04  00               215 		.uleb128	0
  0000003c 04  00               216 		.uleb128	0
                                217 		.section	.debug_info,,n
                                218 	.L5809:
  000000cb 05  03               219 		.sleb128	3
  000000cc 05  0000 00eb        220 		.4byte		.L5806-.L2
  000000d0 05  5049 5443 4841   221 		.byte		"PITCHANNEL0"
  000000d6 05  4e4e 454c 30         	
  000000db 05  00               222 		.byte		0
  000000dc 05  0000 0001        223 		.4byte		.L5802
  000000e0 05  2f               224 		.uleb128	47
  000000e1 05  01               225 		.byte		0x1
  000000e2 05  0000 0000        226 		.4byte		.L5807
  000000e6 05  0000 0000        227 		.4byte		.L5808
                                228 		.section	.text_vle,,c
  00000082 03  0303 22          229 	        .d2line         47
                                230 	.L5807:
  00000034 00  1821 06d0        231 		e_stwu		r1,-48(r1)
  00000040 02  410e 30          232 		.d2_cfa_def_cfa_offset	48
  00000038 00  0080             233 		se_mflr		r0,lr
                                234 	#$$br
  0000003a 00  1ac1 0908        235 		e_stmw		r22,8(r1)
  00000043 02  4196 0a97 0998   236 		.d2_cfa_offset_list	22,31,10,-1
  00000049 02  0899 079a 069b       	
  0000004f 02  059c 049d 039e       	
  00000055 02  029f 01              	
                                237 	#$$er
  0000003e 00  dd01             238 		se_stw		r0,52(r1)
  00000058 02  116c 7f          239 		.d2_cfa_offset    108,-1
                                240 	#$$ee
  00000085 03  0206 0a          241 		.d2prologue_end
  00000040 00  73f8 e3ff        242 		e_lis		r31,50175
  00000088 03  18               243 	        .d2line         49
  00000044 00  1eff 010c        244 		e_add16i	r23,r31,268
  00000048 00  50f7 0000        245 		e_lwz		r7,0(r23)
                                246 	#$$vo
  0000004c 00  65f7             247 		se_bseti		r7,31
  0000004e 00  54f7 0000        248 		e_stw		r7,0(r23)
                                249 	#$$vo
  00000052 00  73c0 6000        250 		e_li		r30,-262144
  00000089 03  34               251 	        .d2line         51
  00000056 00  50e0 0000        252 		e_lwz		r7,speed@sdarx(r0)
  0000005a 00  34fe 0108        253 		e_stb		r7,264(r30)
                                254 	#$$vo
  0000005e 00  73a0 6000        255 		e_li		r29,-262144
  0000008a 03  27               256 	        .d2line         52
  00000062 00  50e0 0000        257 		e_lwz		r7,speed@sdarx(r0)
  00000066 00  74e7 c7ff        258 		e_rlwinm		r7,r7,24,31,31
  0000006a 00  34fd 0109        259 		e_stb		r7,265(r29)
                                260 	#$$vo
  0000006e 00  7380 6000        261 		e_li		r28,-262144
  0000008b 03  2f               262 	        .d2line         53
  00000072 00  1adc 8101        263 		e_addi		r22,r28,256
  00000076 00  50d6 0000        264 		e_lwz		r6,0(r22)
                                265 	#$$vo
  0000007a 00  74c6 0207        266 		e_rlwinm		r6,r6,0,8,3
  0000007e 00  18c6 d30c        267 		e_ori		r6,r6,201326592
  00000082 00  54d6 0000        268 		e_stw		r6,0(r22)
                                269 	#$$vo
  0000008c 03  38               270 	        .d2line         55
  00000086 00  50e0 0000        271 		e_lwz		r7,speed@sdarx(r0)
  0000008a 00  2a07             272 		se_cmpi		r7,0
  0000008c 00  e438             273 		bc		1,0,.L5804	# lt
  0000008d 03  20               274 	        .d2line         57
  0000008e 00  50e0 0000        275 		e_lwz		r7,speed@sdarx(r0)
  00000092 00  7007 992c        276 		cmpi		0,0,r7,300
  00000096 00  e204             277 		bc		0,2,.L5783	# ne
  0000008e 03  24               278 	        .d2line         59
  00000098 00  4817             279 		se_li		r7,1
  0000009a 00  54e0 0000        280 		e_stw		r7,state@sdarx(r0)
                                281 	.L5783:
  0000008f 03  1c               282 	        .d2line         61
  0000009e 00  50e0 0000        283 		e_lwz		r7,state@sdarx(r0)
  000000a2 00  2a07             284 		se_cmpi		r7,0
  000000a4 00  e211             285 		bc		0,2,.L5787	# ne
  00000090 03  20               286 	        .d2line         63
  000000a6 00  50e0 0000        287 		e_lwz		r7,speed@sdarx(r0)
  000000aa 00  2047             288 		se_addi		r7,5
  000000ac 00  54e0 0000        289 		e_stw		r7,speed@sdarx(r0)
  000000b0 00  7378 e3f9        290 		e_lis		r27,50169
  00000091 03  2b               291 	        .d2line         64
  000000b4 00  7358 e3f9        292 		e_lis		r26,50169
  000000b8 00  30da 062a        293 		e_lbz		r6,1578(r26)
                                294 	#$$vo
  000000bc 00  7cc6 30f8        295 		nor		r6,r6,r6
  000000c0 00  34db 062a        296 		e_stb		r6,1578(r27)
                                297 	#$$vo
  000000c4 00  e81c             298 		b		.L5789
                                299 	.L5787:
  00000092 03  0304 32          300 	        .d2line         68
  000000c6 00  50e0 0000        301 		e_lwz		r7,speed@sdarx(r0)
  000000ca 00  2a07             302 		se_cmpi		r7,0
  000000cc 00  e111             303 		bc		0,1,.L5785	# le
  00000095 03  20               304 	        .d2line         70
  000000ce 00  50e0 0000        305 		e_lwz		r7,speed@sdarx(r0)
  000000d2 00  2447             306 		se_subi		r7,5
  000000d4 00  54e0 0000        307 		e_stw		r7,speed@sdarx(r0)
  000000d8 00  7338 e3f9        308 		e_lis		r25,50169
  00000096 03  2b               309 	        .d2line         71
  000000dc 00  7318 e3f9        310 		e_lis		r24,50169
  000000e0 00  30d8 060d        311 		e_lbz		r6,1549(r24)
                                312 	#$$vo
  000000e4 00  7cc6 30f8        313 		nor		r6,r6,r6
  000000e8 00  34d9 060d        314 		e_stb		r6,1549(r25)
                                315 	#$$vo
  000000ec 00  e808             316 		b		.L5789
                                317 	.L5785:
  00000097 03  34               318 	        .d2line         73
  000000ee 00  50e0 0000        319 		e_lwz		r7,speed@sdarx(r0)
  000000f2 00  2a07             320 		se_cmpi		r7,0
  000000f4 00  e204             321 		bc		0,2,.L5789	# ne
  00000098 03  1f               322 	        .d2line         74
  000000f6 00  4807             323 		se_li		r7,0
  000000f8 00  54e0 0000        324 		e_stw		r7,state@sdarx(r0)
                                325 	.L5789:
                                326 	.L5804:
  00000099 03  0304 1a          327 	        .d2line         78
                                328 	#$$be
  0000009c 03  0200 0b01        329 		.d2epilogue_begin
                                330 	#$$br
  000000fc 00  1ac1 0808        331 		e_lmw		r22,8(r1)
                                332 	#$$er
  00000100 00  cd01             333 		se_lwz		r0,52(r1)
  00000102 00  0090             334 		se_mtlr		r0
  00000104 00  1821 8030        335 		e_addi		r1,r1,48
                                336 	#$$tl 0x0 0x0 0x0
  00000108 00  0004             337 		se_blr
                                338 	#$$ef
                                339 		.d2_cfa_end 2
                                340 		.section	.debug_info,,n
  000000ea 05  00               341 		.sleb128	0
                                342 	.L5806:
                                343 		.section	.text_vle,,c
                                344 	.L5808:
                                345 		.type		PITCHANNEL0,@function
                                346 		.size		PITCHANNEL0,.-PITCHANNEL0
                                347 	# Number of nodes = 65
                                348 	
                                349 	# Allocations for PITCHANNEL0
                                350 	#	r31		$$2
                                351 	#	r30		$$3
                                352 	#	r29		$$4
                                353 	#	r28		$$5
                                354 	#	r27		$$6
                                355 	#	r26		$$7
                                356 	#	r25		$$8
                                357 	#	r24		$$9
                                358 	#	r23		$$10
                                359 	#	r22		$$11
                                360 		.section	.abs.00000040,,c
                                361 	
                                362 	#$$bf
                                363 		.align		2
                                364 		.globl		Ext_Isr
  0000005c 02  0000 0058 0000   365 		.d2_cfa_start __local_cie
  00000062 02  0000 0000 0000       	
  00000068 02  0000 029e            	
                                366 	Ext_Isr:
                                367 		.section	.debug_line.abs.00000040,,n
                                368 		.sectionlink	.debug_line
                                369 	.L5818:
                                370 		.section	.abs.00000040,,c
                                371 	.L5814:
  00000000 07                   372 		.0byte		.L5812
  00000000 09  0000 00a2 0002   373 		.d2_line_start	.debug_line.abs.00000040
  00000006 09  0000 0013 0201       	
  0000000c 09  ff04 0d00 0101       	
  00000012 09  0101 0000 0001       	
  00000018 09  0000 0100 00         	
                                374 		.section	.debug_info.abs.00000040,,n
                                375 		.sectionlink	.debug_info
                                376 	.L5812:
  00000000 0a  0000 00ca        377 		.4byte		.L5813-.L5811
                                378 	.L5811:
  00000004 0a  0002             379 		.2byte		0x2
  00000006 0a  0000 0000        380 		.4byte		.L9
  0000000a 0a  04               381 		.byte		0x4
  0000000b 0a  01               382 		.sleb128	1
  0000000c 0a  0000 00cd        383 		.4byte		.L5817-.L5812
  00000010 0a  433a 5c55 7365   384 		.byte		"C:\\Users\\ASE-Lab\\Desktop\\Unit2\\Template\\Template\\src\\main.c
  00000016 0a  7273 5c41 5345       	"
  0000001c 0a  2d4c 6162 5c44       	
  00000022 0a  6573 6b74 6f70       	
  00000028 0a  5c55 6e69 7432       	
  0000002e 0a  5c54                 	
  0000004b 0a  00               385 		.byte		0
  0000004c 0a  4469 6162 2044   386 		.byte		"Diab Data, Inc:dcc Rel 5.7.0.0:PPC5534"
  00000052 0a  6174 612c 2049       	
  00000058 0a  6e63 3a64 6363       	
  0000005e 0a  2052 656c 2035       	
  00000064 0a  2e37 2e30 2e30       	
  0000006a 0a  3a50                 	
  00000072 0a  00               387 		.byte		0
  00000073 0a  433a 5c55 7365   388 		.byte		"C:\\Users\\ASE-Lab\\Desktop\\Unit2\\Template\\Template"
  00000079 0a  7273 5c41 5345       	
  0000007f 0a  2d4c 6162 5c44       	
  00000085 0a  6573 6b74 6f70       	
  0000008b 0a  5c55 6e69 7432       	
  00000091 0a  5c54                 	
  000000a3 0a  00               389 		.byte		0
  000000a4 0a  01               390 		.uleb128	1
  000000a5 0a  0000 0000        391 		.4byte		.L5814
  000000a9 0a  0000 0000        392 		.4byte		.L5815
  000000ad 0a  0000 0000        393 		.4byte		.L5818
                                394 	.L5824:
  000000b1 0a  03               395 		.sleb128	3
  000000b2 0a  0000 00cd        396 		.4byte		.L5820-.L5812
  000000b6 0a  4578 745f 4973   397 		.byte		"Ext_Isr"
  000000bc 0a  72                   	
  000000bd 0a  00               398 		.byte		0
  000000be 0a  0000 0001        399 		.4byte		.L5823
  000000c2 0a  54               400 		.uleb128	84
  000000c3 0a  01               401 		.byte		0x1
  000000c4 0a  0000 0000        402 		.4byte		.L5821
  000000c8 0a  0000 0000        403 		.4byte		.L5822
                                404 		.section	.abs.00000040,,c
  0000001d 09  0048 0343 3a5c   405 		.d2file		"C:\\Users\\ASE-Lab\\Desktop\\Unit2\\Template\\Template\\src\\main.c
  00000023 09  5c55 7365 7273       	"
  00000029 09  5c5c 4153 452d       	
  0000002f 09  4c61 625c 5c44       	
  00000035 09  6573 6b74 6f70       	
  0000003b 09  5c5c                 	
  00000069 09  0005 0200 0000   406 	        .d2line         84
  0000006f 09  0003 d300 0e         	
                                407 	.L5821:
  00000000 07  701f 7f30        408 		e_li		r0,-208
  00000004 07  7c21 016e        409 		stwux		r1,r1,r0
  0000006c 02  420e d001        410 		.d2_cfa_def_cfa_offset	208
  00000008 07  d201             411 		se_stw		r0,8(r1)
  0000000a 07  00a0             412 		se_mfctr		r0,ctr
  0000000c 07  d301             413 		se_stw		r0,12(r1)
  0000000e 07  7c01 02a6        414 		mfspr		r0,xer
  00000012 07  d401             415 		se_stw		r0,16(r1)
  00000014 07  7c00 0026        416 		mfcr		r0
  00000018 07  d501             417 		se_stw		r0,20(r1)
  0000001a 07  0080             418 		se_mflr		r0,lr
  0000001c 07  d601             419 		se_stw		r0,24(r1)
                                420 	#$$br
  0000001e 07  5461 0074        421 		e_stw		r3,116(r1)
  00000070 02  4683 17          422 		.d2_cfa_offset	3,23
  00000022 07  54c1 0078        423 		e_stw		r6,120(r1)
  00000073 02  4186 16          424 		.d2_cfa_offset	6,22
  00000026 07  54e1 007c        425 		e_stw		r7,124(r1)
  00000076 02  4187 15          426 		.d2_cfa_offset	7,21
  0000002a 07  5561 0080        427 		e_stw		r11,128(r1)
  00000079 02  418b 14          428 		.d2_cfa_offset	11,20
  0000002e 07  5581 0084        429 		e_stw		r12,132(r1)
  0000007c 02  418c 13          430 		.d2_cfa_offset	12,19
  00000032 07  55c1 0088        431 		e_stw		r14,136(r1)
  0000007f 02  418e 12          432 		.d2_cfa_offset	14,18
  00000036 07  55e1 008c        433 		e_stw		r15,140(r1)
  00000082 02  418f 11          434 		.d2_cfa_offset	15,17
  0000003a 07  5601 0090        435 		e_stw		r16,144(r1)
  00000085 02  4190 10          436 		.d2_cfa_offset	16,16
  0000003e 07  5621 0094        437 		e_stw		r17,148(r1)
  00000088 02  4191 0f          438 		.d2_cfa_offset	17,15
  00000042 07  5641 0098        439 		e_stw		r18,152(r1)
  0000008b 02  4192 0e          440 		.d2_cfa_offset	18,14
  00000046 07  5661 009c        441 		e_stw		r19,156(r1)
  0000008e 02  4193 0d          442 		.d2_cfa_offset	19,13
  0000004a 07  5681 00a0        443 		e_stw		r20,160(r1)
  00000091 02  4194 0c          444 		.d2_cfa_offset	20,12
  0000004e 07  56a1 00a4        445 		e_stw		r21,164(r1)
  00000094 02  4195 0b          446 		.d2_cfa_offset	21,11
  00000052 07  56c1 00a8        447 		e_stw		r22,168(r1)
  00000097 02  4196 0a          448 		.d2_cfa_offset	22,10
  00000056 07  56e1 00ac        449 		e_stw		r23,172(r1)
  0000009a 02  4197 09          450 		.d2_cfa_offset	23,9
  0000005a 07  5701 00b0        451 		e_stw		r24,176(r1)
  0000009d 02  4198 08          452 		.d2_cfa_offset	24,8
  0000005e 07  5721 00b4        453 		e_stw		r25,180(r1)
  000000a0 02  4199 07          454 		.d2_cfa_offset	25,7
  00000062 07  5741 00b8        455 		e_stw		r26,184(r1)
  000000a3 02  419a 06          456 		.d2_cfa_offset	26,6
  00000066 07  5761 00bc        457 		e_stw		r27,188(r1)
  000000a6 02  419b 05          458 		.d2_cfa_offset	27,5
  0000006a 07  5781 00c0        459 		e_stw		r28,192(r1)
  000000a9 02  419c 04          460 		.d2_cfa_offset	28,4
  0000006e 07  57a1 00c4        461 		e_stw		r29,196(r1)
  000000ac 02  419d 03          462 		.d2_cfa_offset	29,3
  00000072 07  57c1 00c8        463 		e_stw		r30,200(r1)
  000000af 02  419e 02          464 		.d2_cfa_offset	30,2
  00000076 07  57e1 00cc        465 		e_stw		r31,204(r1)
  000000b2 02  419f 01          466 		.d2_cfa_offset	31,1
                                467 	#$$er
                                468 	#$$ee
  00000074 09  023d 0a          469 		.d2prologue_end
  0000007a 07  70ff e7f5        470 		e_lis		r7,65525
  0000007e 07  d771             471 		se_stw		r7,28(r1)
  00000077 09  1b               472 	        .d2line         85
  00000080 07  c761             473 		se_lwz		r6,28(r1)
  00000082 07  50c6 8010        474 		e_lwz		r6,-32752(r6)
                                475 	#$$vo
  00000086 07  74cb f5ff        476 		e_rlwinm		r11,r6,30,23,31
  0000008a 07  180b a845        477 		cmpi		0,0,r11,69
  0000008e 07  e50a             478 		bc		1,1,.L5825
  00000090 07  e63c             479 		bc		1,2,.L5794
  00000092 07  180b a83b        480 		cmpi		0,0,r11,59
  00000096 07  e60f             481 		bc		1,2,.L5792
  00000098 07  180b a844        482 		cmpi		0,0,r11,68
  0000009c 07  e610             483 		bc		1,2,.L5793
  0000009e 07  7800 017e        484 		b		.L5791
                                485 	.L5825:
  000000a2 07  180b a846        486 		cmpi		0,0,r11,70
  000000a6 07  e656             487 		bc		1,2,.L5795
  000000a8 07  180b a847        488 		cmpi		0,0,r11,71
  000000ac 07  7a12 0110        489 		bc		1,2,.L5796
  000000b0 07  7800 016c        490 		b		.L5791
                                491 	.L5792:
  00000078 09  0308 76          492 	        .d2line         93
  0000007b 09  10               493 	        .d2line         95
                                494 	#$$fn 0xc0 0 0 0x0
                                495 	#$$tl 0x0 0x0 0x0
                                496 	#$$rs 0 s
  000000b4 07  7800 0001        497 		bl		PITCHANNEL0
  0000007c 09  18               498 	        .d2line         97
  000000b8 07  7800 0164        499 		b		.L5791
                                500 	.L5793:
  0000007d 09  17               501 	        .d2line         98
  000000bc 07  70e0 6000        502 		e_li		r7,-262144
  000000c0 07  d871             503 		se_stw		r7,32(r1)
  0000007e 09  1b               504 	        .d2line         99
  000000c2 07  c861             505 		se_lwz		r6,32(r1)
  000000c4 07  1be6 8030        506 		e_addi		r31,r6,48
  000000c8 07  c07f             507 		se_lwz		r7,0(r31)
                                508 	#$$vo
  000000ca 07  65f7             509 		se_bseti		r7,31
  000000cc 07  d07f             510 		se_stw		r7,0(r31)
                                511 	#$$vo
  000000ce 07  70c0 6000        512 		e_li		r6,-262144
  000000d2 07  d961             513 		se_stw		r6,36(r1)
  0000007f 09  33               514 	        .d2line         100
  000000d4 07  c971             515 		se_lwz		r7,36(r1)
  000000d6 07  1bc7 8030        516 		e_addi		r30,r7,48
  000000da 07  c06e             517 		se_lwz		r6,0(r30)
                                518 	#$$vo
  000000dc 07  65e6             519 		se_bseti		r6,30
  000000de 07  d06e             520 		se_stw		r6,0(r30)
                                521 	#$$vo
  000000e0 07  70e0 6000        522 		e_li		r7,-262144
  000000e4 07  da71             523 		se_stw		r7,40(r1)
  00000080 09  33               524 	        .d2line         101
  000000e6 07  ca61             525 		se_lwz		r6,40(r1)
  000000e8 07  1ba6 8030        526 		e_addi		r29,r6,48
  000000ec 07  c07d             527 		se_lwz		r7,0(r29)
                                528 	#$$vo
  000000ee 07  65d7             529 		se_bseti		r7,29
  000000f0 07  d07d             530 		se_stw		r7,0(r29)
                                531 	#$$vo
  000000f2 07  70c0 6000        532 		e_li		r6,-262144
  000000f6 07  db61             533 		se_stw		r6,44(r1)
  00000081 09  33               534 	        .d2line         102
  000000f8 07  cb71             535 		se_lwz		r7,44(r1)
  000000fa 07  1b87 8030        536 		e_addi		r28,r7,48
  000000fe 07  c06c             537 		se_lwz		r6,0(r28)
                                538 	#$$vo
  00000100 07  65c6             539 		se_bseti		r6,28
  00000102 07  d06c             540 		se_stw		r6,0(r28)
                                541 	#$$vo
  00000082 09  27               542 	        .d2line         103
  00000104 07  7800 0118        543 		b		.L5791
                                544 	.L5794:
  00000083 09  17               545 	        .d2line         104
  00000108 07  70e0 6000        546 		e_li		r7,-262144
  0000010c 07  dc71             547 		se_stw		r7,48(r1)
  00000084 09  1b               548 	        .d2line         105
  0000010e 07  cc61             549 		se_lwz		r6,48(r1)
  00000110 07  1b66 8030        550 		e_addi		r27,r6,48
  00000114 07  c07b             551 		se_lwz		r7,0(r27)
                                552 	#$$vo
  00000116 07  65b7             553 		se_bseti		r7,27
  00000118 07  d07b             554 		se_stw		r7,0(r27)
                                555 	#$$vo
  0000011a 07  70c0 6000        556 		e_li		r6,-262144
  0000011e 07  dd61             557 		se_stw		r6,52(r1)
  00000085 09  33               558 	        .d2line         106
  00000120 07  cd71             559 		se_lwz		r7,52(r1)
  00000122 07  1b47 8030        560 		e_addi		r26,r7,48
  00000126 07  c06a             561 		se_lwz		r6,0(r26)
                                562 	#$$vo
  00000128 07  65a6             563 		se_bseti		r6,26
  0000012a 07  d06a             564 		se_stw		r6,0(r26)
                                565 	#$$vo
  0000012c 07  70e0 6000        566 		e_li		r7,-262144
  00000130 07  de71             567 		se_stw		r7,56(r1)
  00000086 09  33               568 	        .d2line         107
  00000132 07  ce61             569 		se_lwz		r6,56(r1)
  00000134 07  1b26 8030        570 		e_addi		r25,r6,48
  00000138 07  c079             571 		se_lwz		r7,0(r25)
                                572 	#$$vo
  0000013a 07  6597             573 		se_bseti		r7,25
  0000013c 07  d079             574 		se_stw		r7,0(r25)
                                575 	#$$vo
  0000013e 07  70c0 6000        576 		e_li		r6,-262144
  00000142 07  df61             577 		se_stw		r6,60(r1)
  00000087 09  33               578 	        .d2line         108
  00000144 07  cf71             579 		se_lwz		r7,60(r1)
  00000146 07  1b07 8030        580 		e_addi		r24,r7,48
  0000014a 07  c068             581 		se_lwz		r6,0(r24)
                                582 	#$$vo
  0000014c 07  6586             583 		se_bseti		r6,24
  0000014e 07  d068             584 		se_stw		r6,0(r24)
                                585 	#$$vo
  00000088 09  27               586 	        .d2line         109
  00000150 07  e866             587 		b		.L5791
                                588 	.L5795:
  00000089 09  13               589 	        .d2line         110
  00000152 07  70e0 6000        590 		e_li		r7,-262144
  00000156 07  54e1 0040        591 		e_stw		r7,64(r1)
  0000008a 09  1f               592 	        .d2line         111
  0000015a 07  50c1 0040        593 		e_lwz		r6,64(r1)
  0000015e 07  1ae6 8030        594 		e_addi		r23,r6,48
  00000162 07  50f7 0000        595 		e_lwz		r7,0(r23)
                                596 	#$$vo
  00000166 07  6577             597 		se_bseti		r7,23
  00000168 07  54f7 0000        598 		e_stw		r7,0(r23)
                                599 	#$$vo
  0000016c 07  70c0 6000        600 		e_li		r6,-262144
  00000170 07  54c1 0044        601 		e_stw		r6,68(r1)
  0000008b 09  43               602 	        .d2line         112
  00000174 07  50e1 0044        603 		e_lwz		r7,68(r1)
  00000178 07  1ac7 8030        604 		e_addi		r22,r7,48
  0000017c 07  50d6 0000        605 		e_lwz		r6,0(r22)
                                606 	#$$vo
  00000180 07  6566             607 		se_bseti		r6,22
  00000182 07  54d6 0000        608 		e_stw		r6,0(r22)
                                609 	#$$vo
  00000186 07  70e0 6000        610 		e_li		r7,-262144
  0000018a 07  54e1 0048        611 		e_stw		r7,72(r1)
  0000008c 09  43               612 	        .d2line         113
  0000018e 07  50c1 0048        613 		e_lwz		r6,72(r1)
  00000192 07  1aa6 8030        614 		e_addi		r21,r6,48
  00000196 07  50f5 0000        615 		e_lwz		r7,0(r21)
                                616 	#$$vo
  0000019a 07  6557             617 		se_bseti		r7,21
  0000019c 07  54f5 0000        618 		e_stw		r7,0(r21)
                                619 	#$$vo
  000001a0 07  70c0 6000        620 		e_li		r6,-262144
  000001a4 07  54c1 004c        621 		e_stw		r6,76(r1)
  0000008d 09  43               622 	        .d2line         114
  000001a8 07  50e1 004c        623 		e_lwz		r7,76(r1)
  000001ac 07  1a87 8030        624 		e_addi		r20,r7,48
  000001b0 07  50d4 0000        625 		e_lwz		r6,0(r20)
                                626 	#$$vo
  000001b4 07  6546             627 		se_bseti		r6,20
  000001b6 07  54d4 0000        628 		e_stw		r6,0(r20)
                                629 	#$$vo
  0000008e 09  33               630 	        .d2line         115
  000001ba 07  e831             631 		b		.L5791
                                632 	.L5796:
  0000008f 09  13               633 	        .d2line         116
  000001bc 07  70e0 6000        634 		e_li		r7,-262144
  000001c0 07  54e1 0050        635 		e_stw		r7,80(r1)
  00000090 09  1f               636 	        .d2line         117
  000001c4 07  50c1 0050        637 		e_lwz		r6,80(r1)
  000001c8 07  1a66 8030        638 		e_addi		r19,r6,48
  000001cc 07  50f3 0000        639 		e_lwz		r7,0(r19)
                                640 	#$$vo
  000001d0 07  6537             641 		se_bseti		r7,19
  000001d2 07  54f3 0000        642 		e_stw		r7,0(r19)
                                643 	#$$vo
  000001d6 07  70c0 6000        644 		e_li		r6,-262144
  000001da 07  54c1 0054        645 		e_stw		r6,84(r1)
  00000091 09  43               646 	        .d2line         118
  000001de 07  50e1 0054        647 		e_lwz		r7,84(r1)
  000001e2 07  1a47 8030        648 		e_addi		r18,r7,48
  000001e6 07  50d2 0000        649 		e_lwz		r6,0(r18)
                                650 	#$$vo
  000001ea 07  6526             651 		se_bseti		r6,18
  000001ec 07  54d2 0000        652 		e_stw		r6,0(r18)
                                653 	#$$vo
  000001f0 07  70e0 6000        654 		e_li		r7,-262144
  000001f4 07  54e1 0058        655 		e_stw		r7,88(r1)
  00000092 09  43               656 	        .d2line         119
  000001f8 07  50c1 0058        657 		e_lwz		r6,88(r1)
  000001fc 07  1a26 8030        658 		e_addi		r17,r6,48
  00000200 07  50f1 0000        659 		e_lwz		r7,0(r17)
                                660 	#$$vo
  00000204 07  6517             661 		se_bseti		r7,17
  00000206 07  54f1 0000        662 		e_stw		r7,0(r17)
                                663 	#$$vo
  0000020a 07  71e0 6000        664 		e_li		r15,-262144
  00000093 09  3b               665 	        .d2line         120
  0000020e 07  1a0f 8030        666 		e_addi		r16,r15,48
  00000212 07  50d0 0000        667 		e_lwz		r6,0(r16)
                                668 	#$$vo
  00000216 07  6506             669 		se_bseti		r6,16
  00000218 07  54d0 0000        670 		e_stw		r6,0(r16)
                                671 	#$$vo
                                672 	.L5791:
  0000021c 07  71df e7f5        673 		e_lis		r14,65525
  00000094 09  0306 32          674 	        .d2line         126
  00000220 07  4806             675 		se_li		r6,0
  00000222 07  54ce 8018        676 		e_stw		r6,-32744(r14)
                                677 	#$$vo
  00000097 09  1b               678 	        .d2line         127
                                679 	#$$be
  00000098 09  0200 0b01        680 		.d2epilogue_begin
                                681 	#$$br
  00000226 07  5061 0074        682 		e_lwz		r3,116(r1)
  0000022a 07  50c1 0078        683 		e_lwz		r6,120(r1)
  0000022e 07  50e1 007c        684 		e_lwz		r7,124(r1)
  00000232 07  5161 0080        685 		e_lwz		r11,128(r1)
  00000236 07  5181 0084        686 		e_lwz		r12,132(r1)
  0000023a 07  51c1 0088        687 		e_lwz		r14,136(r1)
  0000023e 07  51e1 008c        688 		e_lwz		r15,140(r1)
  00000242 07  5201 0090        689 		e_lwz		r16,144(r1)
  00000246 07  5221 0094        690 		e_lwz		r17,148(r1)
  0000024a 07  5241 0098        691 		e_lwz		r18,152(r1)
  0000024e 07  5261 009c        692 		e_lwz		r19,156(r1)
  00000252 07  5281 00a0        693 		e_lwz		r20,160(r1)
  00000256 07  52a1 00a4        694 		e_lwz		r21,164(r1)
  0000025a 07  52c1 00a8        695 		e_lwz		r22,168(r1)
  0000025e 07  52e1 00ac        696 		e_lwz		r23,172(r1)
  00000262 07  5301 00b0        697 		e_lwz		r24,176(r1)
  00000266 07  5321 00b4        698 		e_lwz		r25,180(r1)
  0000026a 07  5341 00b8        699 		e_lwz		r26,184(r1)
  0000026e 07  5361 00bc        700 		e_lwz		r27,188(r1)
  00000272 07  5381 00c0        701 		e_lwz		r28,192(r1)
  00000276 07  53a1 00c4        702 		e_lwz		r29,196(r1)
  0000027a 07  53c1 00c8        703 		e_lwz		r30,200(r1)
  0000027e 07  53e1 00cc        704 		e_lwz		r31,204(r1)
                                705 	#$$er
  00000282 07  c601             706 		se_lwz		r0,24(r1)
  00000284 07  0090             707 		se_mtlr		r0
  00000286 07  c501             708 		se_lwz		r0,20(r1)
  00000288 07  7c0f f120        709 		mtcrf		0xff,r0
  0000028c 07  c401             710 		se_lwz		r0,16(r1)
  0000028e 07  7c01 03a6        711 		mtspr		xer,r0
  00000292 07  c301             712 		se_lwz		r0,12(r1)
  00000294 07  00b0             713 		se_mtctr		r0
  00000296 07  c201             714 		se_lwz		r0,8(r1)
  00000298 07  1821 80d0        715 		e_addi		r1,r1,208
                                716 	#$$tl 0x0 0x0 0x0
  0000029c 07  0008             717 		se_rfi
                                718 	#$$ef
                                719 		.d2_cfa_end 2
                                720 		.section	.debug_info.abs.00000040,,n
                                721 		.sectionlink	.debug_info
  000000cc 0a  00               722 		.sleb128	0
                                723 	.L5820:
                                724 		.section	.abs.00000040,,c
                                725 	.L5822:
                                726 		.type		Ext_Isr,@function
                                727 		.size		Ext_Isr,.-Ext_Isr
                                728 	# Number of nodes = 96
                                729 	
                                730 	# Allocations for Ext_Isr
                                731 	#	SP,28		$$12
                                732 	#	SP,32		$$13
                                733 	#	SP,36		$$14
                                734 	#	SP,40		$$15
                                735 	#	SP,44		$$16
                                736 	#	SP,48		$$17
                                737 	#	SP,52		$$18
                                738 	#	SP,56		$$19
                                739 	#	SP,60		$$20
                                740 	#	SP,64		$$21
                                741 	#	SP,68		$$22
                                742 	#	SP,72		$$23
                                743 	#	SP,76		$$24
                                744 	#	SP,80		$$25
                                745 	#	SP,84		$$26
                                746 	#	SP,88		$$27
                                747 	#	r15		$$28
                                748 	#	r14		$$29
                                749 	#	r31		$$30
                                750 	#	r30		$$31
                                751 	#	r29		$$32
                                752 	#	r28		$$33
                                753 	#	r27		$$34
                                754 	#	r26		$$35
                                755 	#	r25		$$36
                                756 	#	r24		$$37
                                757 	#	r23		$$38
                                758 	#	r22		$$39
                                759 	#	r21		$$40
                                760 	#	r20		$$41
                                761 	#	r19		$$42
                                762 	#	r18		$$43
                                763 	#	r17		$$44
                                764 	#	r16		$$45
                                765 	
                                766 	# Allocations for module
                                767 		.section	.debug_abbrev,,n
  0000003d 04  04               768 		.uleb128	4
  0000003e 04  34               769 		.uleb128	52
  0000003f 04  00               770 		.byte		0x0
  00000040 04  3f               771 		.uleb128	63
  00000041 04  0c               772 		.uleb128	12
  00000042 04  3a               773 		.uleb128	58
  00000043 04  06               774 		.uleb128	6
  00000044 04  3b               775 		.uleb128	59
  00000045 04  0f               776 		.uleb128	15
  00000046 04  03               777 		.uleb128	3
  00000047 04  08               778 		.uleb128	8
  00000048 04  49               779 		.uleb128	73
  00000049 04  10               780 		.uleb128	16
  0000004a 04  02               781 		.uleb128	2
  0000004b 04  09               782 		.uleb128	9
  0000004c 04  00               783 		.uleb128	0
  0000004d 04  00               784 		.uleb128	0
                                785 		.section	.debug_info,,n
                                786 	.L5826:
  000000eb 05  04               787 		.sleb128	4
  000000ec 05  01               788 		.byte		0x1
  000000ed 05  0000 0001        789 		.4byte		.L5802
  000000f1 05  13               790 		.uleb128	19
  000000f2 05  6578 6974 5f6c   791 		.byte		"exit_loop"
  000000f8 05  6f6f 70              	
  000000fb 05  00               792 		.byte		0
  000000fc 05  0000 0000        793 		.4byte		.L5827
  00000100 05  05               794 		.sleb128	5
  00000101 05  03               795 		.byte		0x3
  00000102 05  0000 0000        796 		.4byte		exit_loop
                                797 		.sdata
                                798 		.type		exit_loop,@object
                                799 		.size		exit_loop,4
                                800 		.align		2
                                801 		.globl		exit_loop
                                802 	exit_loop:
  00000000 0b  0000 0000        803 		.long		0
                                804 		.section	.debug_info,,n
                                805 	.L5828:
  00000106 05  04               806 		.sleb128	4
  00000107 05  01               807 		.byte		0x1
  00000108 05  0000 0001        808 		.4byte		.L5802
  0000010c 05  12               809 		.uleb128	18
  0000010d 05  7370 6565 64     810 		.byte		"speed"
  00000112 05  00               811 		.byte		0
  00000113 05  0000 0000        812 		.4byte		.L5827
  00000117 05  05               813 		.sleb128	5
  00000118 05  03               814 		.byte		0x3
  00000119 05  0000 0000        815 		.4byte		speed
                                816 		.sdata
                                817 		.align		2
                                818 	#	Begin local data area
                                819 	#	LDA + 0
                                820 		.type		speed,@object
                                821 		.size		speed,4
                                822 		.align		2
                                823 		.globl		speed
                                824 	speed:
  00000004 0b  0000 0000        825 		.long		0
                                826 		.section	.debug_info,,n
                                827 	.L5829:
  0000011d 05  04               828 		.sleb128	4
  0000011e 05  01               829 		.byte		0x1
  0000011f 05  0000 0001        830 		.4byte		.L5802
  00000123 05  14               831 		.uleb128	20
  00000124 05  7374 6174 65     832 		.byte		"state"
  00000129 05  00               833 		.byte		0
  0000012a 05  0000 0000        834 		.4byte		.L5827
  0000012e 05  05               835 		.sleb128	5
  0000012f 05  03               836 		.byte		0x3
  00000130 05  0000 0000        837 		.4byte		state
                                838 		.sdata
                                839 	#	LDA + 4
                                840 		.type		state,@object
                                841 		.size		state,4
                                842 		.align		2
                                843 		.globl		state
                                844 	state:
  00000008 0b  0000 0000        845 		.long		0
                                846 		.section	.debug_abbrev,,n
  0000004e 04  05               847 		.uleb128	5
  0000004f 04  24               848 		.uleb128	36
  00000050 04  00               849 		.byte		0x0
  00000051 04  03               850 		.uleb128	3
  00000052 04  08               851 		.uleb128	8
  00000053 04  3e               852 		.uleb128	62
  00000054 04  0b               853 		.uleb128	11
  00000055 04  0b               854 		.uleb128	11
  00000056 04  0b               855 		.uleb128	11
  00000057 04  00               856 		.uleb128	0
  00000058 04  00               857 		.uleb128	0
                                858 		.section	.debug_info,,n
                                859 	.L5827:
  00000134 05  05               860 		.sleb128	5
  00000135 05  696e 74          861 		.byte		"int"
  00000138 05  00               862 		.byte		0
  00000139 05  05               863 		.byte		0x5
  0000013a 05  04               864 		.byte		0x4
                                865 	.L7:
  0000013b 05  00               866 		.sleb128	0
                                867 	.L3:
                                868 		.section	.text_vle,,c
                                869 	.L5:
                                870 	.L5802:	.d2filenum "C:\\Users\\ASE-Lab\\Desktop\\Unit2\\Template\\Template\\src\\main.c"
  000000a0 03  0005 0200 0000   871 		.d2_line_end
  000000a6 03  0000 0101            	
                                872 		.section	.debug_info.abs.00000040,,n
                                873 		.sectionlink	.debug_info
                                874 	.L5817:
  000000cd 0a  00               875 		.sleb128	0
                                876 	.L5813:
                                877 		.section	.abs.00000040,,c
                                878 	.L5815:
                                879 	.L5823:	.d2filenum "C:\\Users\\ASE-Lab\\Desktop\\Unit2\\Template\\Template\\src\\main.c"
  0000009c 09  0005 0200 0000   880 		.d2_line_end
  000000a2 09  0000 0101            	
                                881 		.section	.debug_abbrev,,n
  00000059 04  00               882 		.sleb128	0
